<?xml version="1.0" encoding="UTF-8"?>
<testng-results skipped="0" failed="0" total="1" passed="1">
  <reporter-output>
  </reporter-output>
  <suite name="Suite" duration-ms="43302" started-at="2017-12-30T05:41:25Z" finished-at="2017-12-30T05:42:08Z">
    <groups>
    </groups>
    <test name="Test" duration-ms="43302" started-at="2017-12-30T05:41:25Z" finished-at="2017-12-30T05:42:08Z">
      <class name="testcases.Testing01">
        <test-method status="PASS" signature="StartReport()[pri:0, instance:testcases.Testing01@6093dd95]" name="StartReport" is-config="true" duration-ms="470" started-at="2017-12-30T00:41:24Z" finished-at="2017-12-30T00:41:25Z">
          <reporter-output>
          </reporter-output>
        </test-method> <!-- StartReport -->
        <test-method status="PASS" signature="startBrowser()[pri:0, instance:testcases.Testing01@6093dd95]" name="startBrowser" is-config="true" duration-ms="35502" started-at="2017-12-30T00:41:25Z" finished-at="2017-12-30T00:42:00Z">
          <reporter-output>
          </reporter-output>
        </test-method> <!-- startBrowser -->
        <test-method status="PASS" signature="setup()[pri:0, instance:testcases.Testing01@6093dd95]" name="setup" is-config="true" duration-ms="10" started-at="2017-12-30T00:42:00Z" finished-at="2017-12-30T00:42:00Z">
          <reporter-output>
          </reporter-output>
        </test-method> <!-- setup -->
        <test-method status="PASS" signature="LaunchApplication()[pri:0, instance:testcases.Testing01@6093dd95]" name="LaunchApplication" duration-ms="5893" started-at="2017-12-30T00:42:00Z" finished-at="2017-12-30T00:42:06Z">
          <reporter-output>
          </reporter-output>
        </test-method> <!-- LaunchApplication -->
        <test-method status="PASS" signature="teardown(org.testng.ITestResult)[pri:0, instance:testcases.Testing01@6093dd95]" name="teardown" is-config="true" duration-ms="10" started-at="2017-12-30T00:42:06Z" finished-at="2017-12-30T00:42:06Z">
          <params>
            <param index="0">
              <value>
                <![CDATA[[TestResult name=LaunchApplication status=SUCCESS method=Testing01.LaunchApplication()[pri:0, instance:testcases.Testing01@6093dd95] output={null}]]]>
              </value>
            </param>
          </params>
          <reporter-output>
          </reporter-output>
        </test-method> <!-- teardown -->
        <test-method status="PASS" signature="closeBrowser()[pri:0, instance:testcases.Testing01@6093dd95]" name="closeBrowser" is-config="true" duration-ms="1865" started-at="2017-12-30T00:42:06Z" finished-at="2017-12-30T00:42:08Z">
          <reporter-output>
          </reporter-output>
        </test-method> <!-- closeBrowser -->
        <test-method status="PASS" signature="EndReport()[pri:0, instance:testcases.Testing01@6093dd95]" name="EndReport" is-config="true" duration-ms="432" started-at="2017-12-30T00:42:08Z" finished-at="2017-12-30T00:42:09Z">
          <reporter-output>
          </reporter-output>
        </test-method> <!-- EndReport -->
      </class> <!-- testcases.Testing01 -->
    </test> <!-- Test -->
  </suite> <!-- Suite -->
</testng-results>
