<?xml version="1.0" encoding="UTF-8"?>
<testng-results skipped="0" failed="0" total="1" passed="1">
  <reporter-output>
  </reporter-output>
  <suite name="Default suite" duration-ms="43330" started-at="2017-12-31T22:40:56Z" finished-at="2017-12-31T22:41:39Z">
    <groups>
    </groups>
    <test name="Default test" duration-ms="43330" started-at="2017-12-31T22:40:56Z" finished-at="2017-12-31T22:41:39Z">
      <class name="testcases.Testing01">
        <test-method status="PASS" signature="StartReport()[pri:0, instance:testcases.Testing01@6093dd95]" name="StartReport" is-config="true" duration-ms="317" started-at="2017-12-31T17:40:56Z" finished-at="2017-12-31T17:40:56Z">
          <reporter-output>
          </reporter-output>
        </test-method> <!-- StartReport -->
        <test-method status="PASS" signature="startBrowser()[pri:0, instance:testcases.Testing01@6093dd95]" name="startBrowser" is-config="true" duration-ms="27944" started-at="2017-12-31T17:40:56Z" finished-at="2017-12-31T17:41:24Z">
          <reporter-output>
          </reporter-output>
        </test-method> <!-- startBrowser -->
        <test-method status="PASS" signature="setup()[pri:0, instance:testcases.Testing01@6093dd95]" name="setup" is-config="true" duration-ms="6" started-at="2017-12-31T17:41:25Z" finished-at="2017-12-31T17:41:25Z">
          <reporter-output>
          </reporter-output>
        </test-method> <!-- setup -->
        <test-method status="PASS" signature="LaunchApplication()[pri:0, instance:testcases.Testing01@6093dd95]" name="LaunchApplication" duration-ms="12568" started-at="2017-12-31T17:41:25Z" finished-at="2017-12-31T17:41:38Z">
          <reporter-output>
          </reporter-output>
        </test-method> <!-- LaunchApplication -->
        <test-method status="PASS" signature="teardown(org.testng.ITestResult)[pri:0, instance:testcases.Testing01@6093dd95]" name="teardown" is-config="true" duration-ms="3" started-at="2017-12-31T17:41:38Z" finished-at="2017-12-31T17:41:38Z">
          <params>
            <param index="0">
              <value>
                <![CDATA[[TestResult name=LaunchApplication status=SUCCESS method=Testing01.LaunchApplication()[pri:0, instance:testcases.Testing01@6093dd95] output={null}]]]>
              </value>
            </param>
          </params>
          <reporter-output>
          </reporter-output>
        </test-method> <!-- teardown -->
        <test-method status="PASS" signature="closeBrowser()[pri:0, instance:testcases.Testing01@6093dd95]" name="closeBrowser" is-config="true" duration-ms="1755" started-at="2017-12-31T17:41:38Z" finished-at="2017-12-31T17:41:39Z">
          <reporter-output>
          </reporter-output>
        </test-method> <!-- closeBrowser -->
        <test-method status="PASS" signature="EndReport()[pri:0, instance:testcases.Testing01@6093dd95]" name="EndReport" is-config="true" duration-ms="660" started-at="2017-12-31T17:41:39Z" finished-at="2017-12-31T17:41:40Z">
          <reporter-output>
          </reporter-output>
        </test-method> <!-- EndReport -->
      </class> <!-- testcases.Testing01 -->
    </test> <!-- Default test -->
  </suite> <!-- Default suite -->
</testng-results>
